1706781633026	geckodriver	INFO	Listening on 127.0.0.1:64473
1706781636083	mozrunner::runner	INFO	Running command: "C:\\Program Files\\Mozilla Firefox\\firefox.exe" "--marionette" "--disable-notifications" "--disable-infoba ... "--remote-allow-hosts" "localhost" "-no-remote" "-profile" "C:\\Users\\PROFES~1\\AppData\\Local\\Temp\\rust_mozprofileP5u5NY"
console.warn: services.settings: Ignoring preference override of remote settings server
console.warn: services.settings: Allow by setting MOZ_REMOTE_SETTINGS_DEVTOOLS=1 in the environment
1706781636415	Marionette	INFO	Marionette enabled
Dynamically enable window occlusion 0
console.error: "Warning: unrecognized command line flag" "-disable-notifications"
console.error: "Warning: unrecognized command line flag" "-disable-extensions"
1706781636515	Marionette	INFO	Listening on port 64497
WebDriver BiDi listening on ws://127.0.0.1:64474
Read port: 64497
1706781636797	RemoteAgent	WARN	TLS certificate errors will be ignored for this session
DevTools listening on ws://127.0.0.1:64474/devtools/browser/c58b9709-d123-487b-afa8-8e77444b642c
JavaScript warning: https://pre.bonp.me/js/anybot.min.js?v=1fe1cd83398cea882baeb473e43643345887681f, line 1: unreachable code after return statement
JavaScript error: resource://gre/actors/ContentMetaChild.sys.mjs, line 179: InvalidStateError: JSWindowActorChild.sendAsyncMessage: JSWindowActorChild cannot send at the moment
JavaScript warning: https://pre.bonp.me/js/anybot.min.js?v=1fe1cd83398cea882baeb473e43643345887681f, line 1: unreachable code after return statement
console.warn: LoginRecipes: "Falling back to a synchronous message for: https://pre.bonp.me."
console.warn: LoginRecipes: "Falling back to a synchronous message for: https://pre.bonp.me."
JavaScript warning: https://pre.bonp.me/js/anybot.min.js?v=1fe1cd83398cea882baeb473e43643345887681f, line 1: unreachable code after return statement
JavaScript error: resource://gre/modules/XULStore.sys.mjs, line 60: Error: Can't find profile directory.
1706781668106	addons.xpi	ERROR	System addon update list error SyntaxError: XMLHttpRequest.open: 'http://%(server)s/dummy-system-addons.xml' is not a valid URL.
1706781671003	Marionette	INFO	Stopped listening on port 64497
JavaScript warning: https://www.gstatic.com/firebasejs/4.11.0/firebase.js, line 27: Script terminated by timeout at:
79/</</go/t.c<@https://www.gstatic.com/firebasejs/4.11.0/firebase.js:27:56048

Dynamically enable window occlusion 1
console.error: services.settings: 
  main/fxmonitor-breaches Signature failed  Error: Shutdown, aborting read-only worker requests.
console.error: services.settings: 
  Message: Error: Shutdown, aborting read-only worker requests.
  Stack:
    _abortCancelableRequests@resource://services-settings/RemoteSettingsWorker.sys.mjs:131:19
@resource://services-settings/RemoteSettingsWorker.sys.mjs:207:28
trigger@resource://gre/modules/AsyncShutdown.sys.mjs:758:23
_wait@resource://gre/modules/AsyncShutdown.sys.mjs:918:15
wait@resource://gre/modules/AsyncShutdown.sys.mjs:899:34
observe@resource://gre/modules/AsyncShutdown.sys.mjs:558:10

console.error: (new Error("IndexedDB: main/message-groups getLastModified() IndexedDB:  execute() The application is shutting down", "resource://services-settings/IDBHelpers.sys.mjs", 16))
