1706794266019	geckodriver	INFO	Listening on 127.0.0.1:64142
1706794269069	mozrunner::runner	INFO	Running command: "C:\\Program Files\\Mozilla Firefox\\firefox.exe" "--marionette" "--disable-notifications" "--disable-infoba ... "--remote-allow-hosts" "localhost" "-no-remote" "-profile" "C:\\Users\\PROFES~1\\AppData\\Local\\Temp\\rust_mozprofilew4xBZx"
console.warn: services.settings: Ignoring preference override of remote settings server
console.warn: services.settings: Allow by setting MOZ_REMOTE_SETTINGS_DEVTOOLS=1 in the environment
1706794269498	Marionette	INFO	Marionette enabled
Dynamically enable window occlusion 0
console.error: "Warning: unrecognized command line flag" "-disable-notifications"
console.error: "Warning: unrecognized command line flag" "-disable-extensions"
1706794269609	Marionette	INFO	Listening on port 64160
WebDriver BiDi listening on ws://127.0.0.1:64143
Read port: 64160
1706794269881	RemoteAgent	WARN	TLS certificate errors will be ignored for this session
DevTools listening on ws://127.0.0.1:64143/devtools/browser/9f473145-57ce-45ee-b01c-7fc9485c9ee3
JavaScript warning: https://pre.bonp.me/js/anybot.min.js?v=1fe1cd83398cea882baeb473e43643345887681f, line 1: unreachable code after return statement
JavaScript warning: https://pre.bonp.me/js/anybot.min.js?v=1fe1cd83398cea882baeb473e43643345887681f, line 1: unreachable code after return statement
console.warn: LoginRecipes: "Falling back to a synchronous message for: https://pre.bonp.me."
console.warn: LoginRecipes: "Falling back to a synchronous message for: https://pre.bonp.me."
JavaScript warning: https://pre.bonp.me/js/anybot.min.js?v=1fe1cd83398cea882baeb473e43643345887681f, line 1: unreachable code after return statement
JavaScript error: resource://gre/modules/XULStore.sys.mjs, line 60: Error: Can't find profile directory.
1706794300318	addons.xpi	ERROR	System addon update list error SyntaxError: XMLHttpRequest.open: 'http://%(server)s/dummy-system-addons.xml' is not a valid URL.
JavaScript error: resource://gre/modules/XULStore.sys.mjs, line 60: Error: Can't find profile directory.
JavaScript error: resource://gre/modules/XULStore.sys.mjs, line 60: Error: Can't find profile directory.
JavaScript error: resource://gre/modules/XULStore.sys.mjs, line 60: Error: Can't find profile directory.
JavaScript error: resource://gre/modules/XULStore.sys.mjs, line 60: Error: Can't find profile directory.
JavaScript error: resource://gre/modules/XULStore.sys.mjs, line 60: Error: Can't find profile directory.
JavaScript error: resource://gre/modules/XULStore.sys.mjs, line 60: Error: Can't find profile directory.
1706794386153	Marionette	INFO	Stopped listening on port 64160
Dynamically enable window occlusion 1
Marionette threw an error: TypeError: browsingContext.currentWindowGlobal is null
getMarionetteCommandsActorProxy/get/<@chrome://remote/content/marionette/actors/MarionetteCommandsParent.sys.mjs:360:17

console.error: "Marionette threw an error: TypeError: browsingContext.currentWindowGlobal is null\ngetMarionetteCommandsActorProxy/get/<@chrome://remote/content/marionette/actors/MarionetteCommandsParent.sys.mjs:360:17\n"
Exiting due to channel error.
